<?xml version="1.0" encoding="UTF-8"?>
<!-- Generated by org.testng.reporters.JUnitReportReporter -->
<testsuite skipped="0" hostname="computers-MBP.modem.local" name="Campus.CountryTest" tests="6" failures="0" timestamp="2022-10-10T23:27:56 EET" time="6.909" errors="0">
  <testcase name="updateCountryNegative" time="0.352" classname="Campus.CountryTest"/>
  <system-out/>
  <testcase name="deleteCountryByIdNegative" time="0.392" classname="Campus.CountryTest"/>
  <system-out/>
  <testcase name="createCountry" time="4.722" classname="Campus.CountryTest"/>
  <system-out/>
  <testcase name="deleteCountryById" time="0.390" classname="Campus.CountryTest"/>
  <system-out/>
  <testcase name="updateCountry" time="0.541" classname="Campus.CountryTest"/>
  <system-out/>
  <testcase name="createCountryNegative" time="0.512" classname="Campus.CountryTest"/>
  <system-out/>
</testsuite> <!-- Campus.CountryTest -->
