<?xml version="1.0" encoding="UTF-8"?>
<!-- Generated by org.testng.reporters.JUnitReportReporter -->
<testsuite skipped="0" hostname="computers-MBP.modem.local" name="Campus.CountryTest" tests="6" failures="0" timestamp="2022-10-11T12:15:17 EET" time="5.745" errors="0">
  <testcase name="updateCountryNegative" time="2.431" classname="Campus.CountryTest"/>
  <system-out/>
  <testcase name="deleteCountryByIdNegative" time="0.369" classname="Campus.CountryTest"/>
  <system-out/>
  <testcase name="createCountry" time="1.572" classname="Campus.CountryTest"/>
  <system-out/>
  <testcase name="deleteCountryById" time="0.396" classname="Campus.CountryTest"/>
  <system-out/>
  <testcase name="updateCountry" time="0.478" classname="Campus.CountryTest"/>
  <system-out/>
  <testcase name="createCountryNegative" time="0.499" classname="Campus.CountryTest"/>
  <system-out/>
</testsuite> <!-- Campus.CountryTest -->
